[0m14:42:58.940230 [debug] [MainThread]: Sending event: {'category': 'dbt', 'action': 'invocation', 'label': 'start', 'context': [<snowplow_tracker.self_describing_json.SelfDescribingJson object at 0x73f5e1cbfdd0>, <snowplow_tracker.self_describing_json.SelfDescribingJson object at 0x73f5e3e354c0>, <snowplow_tracker.self_describing_json.SelfDescribingJson object at 0x73f5e41be780>]}


============================== 14:42:59.550822 | 1490f8ce-16bf-46ea-acd7-3337d08d3238 ==============================
[0m14:42:59.550822 [info ] [MainThread]: Running with dbt=1.11.7
[0m14:42:59.553465 [debug] [MainThread]: running dbt with arguments {'log_path': '/usr/app/dbt/capstone_bi/logs', 'printer_width': '80', 'log_cache_events': 'False', 'cache_selected_only': 'False', 'write_json': 'True', 'static_parser': 'True', 'fail_fast': 'False', 'use_experimental_parser': 'False', 'profiles_dir': '/usr/app/dbt', 'log_format': 'default', 'debug': 'False', 'introspect': 'True', 'partial_parse': 'True', 'version_check': 'True', 'indirect_selection': 'eager', 'warn_error_options': 'WarnErrorOptionsV2(error=[], warn=[], silence=[])', 'empty': 'None', 'use_colors': 'True', 'warn_error': 'None', 'no_print': 'None', 'invocation_command': 'dbt debug --profiles-dir /usr/app/dbt', 'target_path': 'None', 'send_anonymous_usage_stats': 'True', 'quiet': 'False'}
[0m14:43:00.656779 [info ] [MainThread]: dbt version: 1.11.7
[0m14:43:00.663031 [info ] [MainThread]: python version: 3.12.13
[0m14:43:00.666564 [info ] [MainThread]: python path: /usr/local/bin/python3.12
[0m14:43:00.670279 [info ] [MainThread]: os info: Linux-6.8.0-1044-azure-x86_64-with-glibc2.41
[0m14:43:03.543270 [info ] [MainThread]: Using profiles dir at /usr/app/dbt
[0m14:43:03.549618 [info ] [MainThread]: Using profiles.yml file at /usr/app/dbt/profiles.yml
[0m14:43:03.550291 [info ] [MainThread]: Using dbt_project.yml file at /usr/app/dbt/capstone_bi/dbt_project.yml
[0m14:43:03.755334 [info ] [MainThread]: adapter type: duckdb
[0m14:43:03.759679 [info ] [MainThread]: adapter version: 1.9.6
[0m14:43:04.603340 [info ] [MainThread]: Configuration:
[0m14:43:04.604267 [info ] [MainThread]:   profiles.yml file [[32mOK found and valid[0m]
[0m14:43:04.606382 [info ] [MainThread]:   dbt_project.yml file [[32mOK found and valid[0m]
[0m14:43:04.608237 [info ] [MainThread]: Required dependencies:
[0m14:43:04.611671 [debug] [MainThread]: Executing "git --help"
[0m14:43:05.340793 [info ] [MainThread]:  - git [[31mERROR[0m]

[0m14:43:05.346939 [info ] [MainThread]: Connection:
[0m14:43:05.351565 [info ] [MainThread]:   database: capstone
[0m14:43:05.356144 [info ] [MainThread]:   schema: main
[0m14:43:05.356581 [info ] [MainThread]:   path: /shared/duckdb/capstone.duckdb
[0m14:43:05.356966 [info ] [MainThread]:   config_options: None
[0m14:43:05.365698 [info ] [MainThread]:   extensions: None
[0m14:43:05.366321 [info ] [MainThread]:   settings: {}
[0m14:43:05.366682 [info ] [MainThread]:   external_root: .
[0m14:43:05.367055 [info ] [MainThread]:   use_credential_provider: None
[0m14:43:05.370778 [info ] [MainThread]:   attach: None
[0m14:43:05.373773 [info ] [MainThread]:   filesystems: None
[0m14:43:05.374380 [info ] [MainThread]:   remote: None
[0m14:43:05.376648 [info ] [MainThread]:   plugins: None
[0m14:43:05.377150 [info ] [MainThread]:   disable_transactions: False
[0m14:43:05.378840 [info ] [MainThread]: Registered adapter: duckdb=1.9.6
[0m14:43:08.442068 [debug] [MainThread]: Acquiring new duckdb connection 'debug'
[0m14:43:10.420274 [debug] [MainThread]: Using duckdb connection "debug"
[0m14:43:10.420780 [debug] [MainThread]: On debug: select 1 as id
[0m14:43:10.421148 [debug] [MainThread]: Opening a new connection, currently in state init
[0m14:43:13.768457 [debug] [MainThread]: SQL status: OK in 3.347 seconds
[0m14:43:13.769914 [debug] [MainThread]: On debug: Close
[0m14:43:13.770621 [info ] [MainThread]:   Connection test: [[32mOK connection ok[0m]

[0m14:43:13.771043 [info ] [MainThread]: [31m1 check failed:[0m
[0m14:43:13.771442 [info ] [MainThread]: Error from git --help: Could not find command, ensure it is in the user's PATH: "git"

[0m14:43:13.888372 [debug] [MainThread]: Resource report: {"command_name": "debug", "command_success": false, "command_wall_clock_time": 16.471926, "process_in_blocks": "197344", "process_kernel_time": 0.717761, "process_mem_max_rss": "128132", "process_out_blocks": "4392", "process_user_time": 3.1973}
[0m14:43:13.889214 [debug] [MainThread]: Command `dbt debug` failed at 14:43:13.889033 after 16.48 seconds
[0m14:43:13.889686 [debug] [MainThread]: Connection 'debug' was properly closed.
[0m14:43:13.890132 [debug] [MainThread]: Sending event: {'category': 'dbt', 'action': 'invocation', 'label': 'end', 'context': [<snowplow_tracker.self_describing_json.SelfDescribingJson object at 0x73f5dcd91fd0>, <snowplow_tracker.self_describing_json.SelfDescribingJson object at 0x73f5e0d549e0>, <snowplow_tracker.self_describing_json.SelfDescribingJson object at 0x73f5dcd92b40>]}
[0m14:43:13.891480 [debug] [MainThread]: Flushing usage events
[0m14:43:15.192752 [debug] [MainThread]: An error was encountered while trying to flush usage events
